2024-05-02 14:23:11 - Loading model at model.pth
2024-05-02 14:23:11 - Environment variables loaded: dict_keys(['SERVER', 'MODEL_SEED', 'tx_addr', 'tx_port', 'rx_port', 'MAC', 'MAC_SERVER', 'MAC_BROADCAST', 'PDU_SIZE', 'ENCODING', 'lo_offset', 'CENTER_FREQ', 'SAMPLE_RATE', 'tx_gain', 'rx_gain', 'chan_est'])
2024-05-02 14:23:11 - SERVER: False
2024-05-02 14:23:11 - MODEL_SEED: 321
2024-05-02 14:23:11 - tx_addr: 127.0.0.1
2024-05-02 14:23:11 - tx_port: 50010
2024-05-02 14:23:11 - rx_port: 50011
2024-05-02 14:23:11 - MAC: 23:23:23:23:23:23
2024-05-02 14:23:11 - MAC_SERVER: 42:42:42:42:42:42
2024-05-02 14:23:11 - MAC_BROADCAST: FF:FF:FF:FF:FF:FF
2024-05-02 14:23:11 - PDU_SIZE: 1000
2024-05-02 14:23:11 - ENCODING: 0
2024-05-02 14:23:11 - lo_offset: 0
2024-05-02 14:23:11 - CENTER_FREQ: 5890000000.0
2024-05-02 14:23:11 - SAMPLE_RATE: 10000000
2024-05-02 14:23:11 - tx_gain: 0.750
2024-05-02 14:23:11 - rx_gain: 0.750
2024-05-02 14:23:11 - chan_est: 0
2024-05-02 15:22:01 - Loading model at model.pth
2024-05-02 15:22:01 - Environment variables loaded: dict_keys(['SERVER', 'MODEL_SEED', 'tx_addr', 'tx_port', 'rx_port', 'MAC', 'MAC_SERVER', 'MAC_BROADCAST', 'PDU_SIZE', 'ENCODING', 'lo_offset', 'CENTER_FREQ', 'SAMPLE_RATE', 'tx_gain', 'rx_gain', 'chan_est'])
2024-05-02 15:22:01 - SERVER: False
2024-05-02 15:22:01 - MODEL_SEED: 321
2024-05-02 15:22:01 - tx_addr: 127.0.0.1
2024-05-02 15:22:01 - tx_port: 50010
2024-05-02 15:22:01 - rx_port: 50011
2024-05-02 15:22:01 - MAC: 23:23:23:23:23:23
2024-05-02 15:22:01 - MAC_SERVER: 42:42:42:42:42:42
2024-05-02 15:22:01 - MAC_BROADCAST: FF:FF:FF:FF:FF:FF
2024-05-02 15:22:01 - PDU_SIZE: 1000
2024-05-02 15:22:01 - ENCODING: 0
2024-05-02 15:22:01 - lo_offset: 0
2024-05-02 15:22:01 - CENTER_FREQ: 5890000000.0
2024-05-02 15:22:01 - SAMPLE_RATE: 10000000
2024-05-02 15:22:01 - tx_gain: 0.750
2024-05-02 15:22:01 - rx_gain: 0.750
2024-05-02 15:22:01 - chan_est: 0
2024-05-02 15:58:11 - Loading model at model.pth
2024-05-02 15:58:11 - Environment variables loaded: dict_keys(['SERVER', 'MODEL_SEED', 'tx_address', 'tx_port', 'rx_port', 'MAC', 'MAC_SERVER', 'MAC_BROADCAST', 'PDU_SIZE', 'ENCODING', 'lo_offset', 'CENTER_FREQ', 'SAMPLE_RATE', 'tx_gain', 'rx_gain', 'chan_est'])
2024-05-02 15:58:11 - SERVER: False
2024-05-02 15:58:11 - MODEL_SEED: 321
2024-05-02 15:58:11 - tx_address: 127.0.0.1
2024-05-02 15:58:11 - tx_port: 50010
2024-05-02 15:58:11 - rx_port: 50011
2024-05-02 15:58:11 - MAC: 23:23:23:23:23:23
2024-05-02 15:58:11 - MAC_SERVER: 42:42:42:42:42:42
2024-05-02 15:58:11 - MAC_BROADCAST: FF:FF:FF:FF:FF:FF
2024-05-02 15:58:11 - PDU_SIZE: 1000
2024-05-02 15:58:11 - ENCODING: 0
2024-05-02 15:58:11 - lo_offset: 0
2024-05-02 15:58:11 - CENTER_FREQ: 5890000000.0
2024-05-02 15:58:11 - SAMPLE_RATE: 10000000
2024-05-02 15:58:11 - tx_gain: 0.750
2024-05-02 15:58:11 - rx_gain: 0.750
2024-05-02 15:58:11 - chan_est: 0
2024-05-02 15:58:11 - Socket bound to tcp://127.0.0.1:50010
