2024-05-20 22:06:44 - Agent started with args=Namespace(whoami='client1', action='train', from_who=None, time=None, seed=0)
2024-05-20 22:06:44 - Random seed set to 0
2024-05-20 22:06:49 - Subprocess has stopped
2024-05-20 22:06:49 - stdout: MAPPER: encoding: 2
chunks_to_symbols :info: set_min_output_buffer on block 10 to 207744
fft_v_fftw :info: set_min_output_buffer on block 12 to 2077440
ofdm_cyclic_prefixer :info: set_min_output_buffer on block 14 to 2077440
ofdm_carrier_allocator_cvc :info: set_min_output_buffer on block 15 to 207744
chunks_to_symbols :info: set_min_output_buffer on block 16 to 415488
tagged_stream_mux :info: set_min_output_buffer on block 17 to 207744

2024-05-20 22:06:49 - stderr: [INFO] [UHD] linux; GNU C++ version 12.3.0; Boost_108400; UHD_4.6.0.HEAD-release
Traceback (most recent call last):
  File "/home/sunlab/no-fec-infocom-private/python/gnu_pmt/../../gnuradio_companion/wifi_transceiver_nogui.py", line 204, in <module>
    main()
  File "/home/sunlab/no-fec-infocom-private/python/gnu_pmt/../../gnuradio_companion/wifi_transceiver_nogui.py", line 182, in main
    tb = top_block_cls()
         ^^^^^^^^^^^^^^^
  File "/home/sunlab/no-fec-infocom-private/python/gnu_pmt/../../gnuradio_companion/wifi_transceiver_nogui.py", line 64, in __init__
    self.uhd_usrp_source_0 = uhd.usrp_source(
                             ^^^^^^^^^^^^^^^^
RuntimeError: LookupError: KeyError: No devices found for ----->
Empty Device Address

